<?xml version="1.0" encoding="UTF-8"?>
<!-- Generated by org.testng.reporters.JUnitReportReporter -->
<testsuite hostname="DESKTOP-HBL1RJ8" name="com.training.sanity.tests.ELTC_043_UploadAssignment" tests="4" failures="0" timestamp="14 May 2020 14:56:38 GMT" time="115.712" errors="0">
  <testcase name="uploadAssignmentTest" time="94.209" classname="com.training.sanity.tests.ELTC_043_UploadAssignment"/>
  <testcase name="validLoginTest" time="4.430" classname="com.training.sanity.tests.ELTC_043_UploadAssignment"/>
  <testcase name="validLogoutTest" time="1.964" classname="com.training.sanity.tests.ELTC_043_UploadAssignment"/>
  <testcase name="setUp" time="15.109" classname="com.training.sanity.tests.ELTC_043_UploadAssignment"/>
</testsuite> <!-- com.training.sanity.tests.ELTC_043_UploadAssignment -->
