<?xml version="1.0" encoding="UTF-8"?>
<!-- Generated by org.testng.reporters.JUnitReportReporter -->
<testsuite hostname="DESKTOP-HBL1RJ8" name="com.training.sanity.tests.ELTC015_LogoutTest" tests="4" failures="0" timestamp="18 May 2020 05:03:52 GMT" time="25.217" errors="0">
  <testcase name="validLoginTest" time="5.541" classname="com.training.sanity.tests.ELTC015_LogoutTest"/>
  <testcase name="setUp" time="15.977" classname="com.training.sanity.tests.ELTC015_LogoutTest"/>
  <testcase name="validPostLoginTest" time="0.740" classname="com.training.sanity.tests.ELTC015_LogoutTest"/>
  <testcase name="validLogoutTest" time="2.959" classname="com.training.sanity.tests.ELTC015_LogoutTest"/>
</testsuite> <!-- com.training.sanity.tests.ELTC015_LogoutTest -->
