<?xml version="1.0" encoding="UTF-8"?>
<!-- Generated by org.testng.reporters.JUnitReportReporter -->
<testsuite hostname="DESKTOP-HBL1RJ8" name="com.training.sanity.tests.ELTC015_LogoutTest" tests="4" failures="0" timestamp="14 May 2020 05:15:39 GMT" time="22.960" errors="0">
  <testcase name="validLoginTest" time="4.867" classname="com.training.sanity.tests.ELTC015_LogoutTest"/>
  <testcase name="validLogoutTest" time="2.643" classname="com.training.sanity.tests.ELTC015_LogoutTest"/>
  <testcase name="validPostLoginTest" time="0.523" classname="com.training.sanity.tests.ELTC015_LogoutTest"/>
  <testcase name="setUp" time="14.927" classname="com.training.sanity.tests.ELTC015_LogoutTest"/>
</testsuite> <!-- com.training.sanity.tests.ELTC015_LogoutTest -->
