<?xml version="1.0" encoding="UTF-8"?>
<!-- Generated by org.testng.reporters.JUnitReportReporter -->
<testsuite hostname="DESKTOP-HBL1RJ8" name="com.training.sanity.tests.ELTC013_RegisterCourse" tests="3" failures="0" timestamp="10 May 2020 08:45:37 GMT" time="35.848" errors="0">
  <testcase name="validLoginTest" time="4.825" classname="com.training.sanity.tests.ELTC013_RegisterCourse"/>
  <testcase name="validRegisterCourseTest" time="15.818" classname="com.training.sanity.tests.ELTC013_RegisterCourse"/>
  <testcase name="setUp" time="15.205" classname="com.training.sanity.tests.ELTC013_RegisterCourse"/>
</testsuite> <!-- com.training.sanity.tests.ELTC013_RegisterCourse -->
