<?xml version="1.0" encoding="UTF-8"?>
<!-- Generated by org.testng.reporters.JUnitReportReporter -->
<testsuite hostname="DESKTOP-HBL1RJ8" name="com.training.sanity.tests.ELTC014_ViewRegisteredCourses" tests="3" failures="0" timestamp="10 May 2020 09:26:48 GMT" time="28.937" errors="0">
  <testcase name="validRegisteredCoursesTest" time="6.235" classname="com.training.sanity.tests.ELTC014_ViewRegisteredCourses"/>
  <testcase name="validLoginTest" time="6.286" classname="com.training.sanity.tests.ELTC014_ViewRegisteredCourses"/>
  <testcase name="setUp" time="16.416" classname="com.training.sanity.tests.ELTC014_ViewRegisteredCourses"/>
</testsuite> <!-- com.training.sanity.tests.ELTC014_ViewRegisteredCourses -->
