<?xml version="1.0" encoding="UTF-8"?>
<!-- Generated by org.testng.reporters.JUnitReportReporter -->
<testsuite hostname="DESKTOP-HBL1RJ8" name="com.training.sanity.tests.ELTC_074_InvalidRegistration" tests="4" failures="0" timestamp="24 May 2020 10:00:47 GMT" time="121.005" errors="0">
  <testcase name="testingexcelinput" time="30.560" classname="com.training.sanity.tests.ELTC_074_InvalidRegistration"/>
  <testcase name="testingexcelinput" time="30.214" classname="com.training.sanity.tests.ELTC_074_InvalidRegistration"/>
  <testcase name="testingexcelinput" time="29.331" classname="com.training.sanity.tests.ELTC_074_InvalidRegistration"/>
  <testcase name="testingexcelinput" time="30.900" classname="com.training.sanity.tests.ELTC_074_InvalidRegistration"/>
</testsuite> <!-- com.training.sanity.tests.ELTC_074_InvalidRegistration -->
