<?xml version="1.0" encoding="UTF-8"?>
<!-- Generated by org.testng.reporters.JUnitReportReporter -->
<testsuite hostname="DESKTOP-HBL1RJ8" name="com.training.sanity.tests.ELTC_044_SendChatMessage" tests="3" failures="0" timestamp="24 May 2020 12:46:54 GMT" time="40.640" errors="0">
  <testcase name="validLoginTest" time="6.311" classname="com.training.sanity.tests.ELTC_044_SendChatMessage"/>
  <testcase name="setUp" time="16.631" classname="com.training.sanity.tests.ELTC_044_SendChatMessage"/>
  <testcase name="sendChatMessageTest" time="17.698" classname="com.training.sanity.tests.ELTC_044_SendChatMessage"/>
</testsuite> <!-- com.training.sanity.tests.ELTC_044_SendChatMessage -->
