<?xml version="1.0" encoding="UTF-8"?>
<!-- Generated by org.testng.reporters.JUnitReportReporter -->
<testsuite hostname="DESKTOP-HBL1RJ8" name="com.training.sanity.tests.ELTC_044_DiscussinForum" tests="4" failures="0" timestamp="18 May 2020 14:56:49 GMT" time="114.758" errors="0">
  <testcase name="setUp" time="16.676" classname="com.training.sanity.tests.ELTC_044_DiscussinForum"/>
  <testcase name="validLoginTest" time="5.842" classname="com.training.sanity.tests.ELTC_044_DiscussinForum"/>
  <testcase name="validLogoutTest" time="1.617" classname="com.training.sanity.tests.ELTC_044_DiscussinForum"/>
  <testcase name="validCreateReplyThread" time="90.623" classname="com.training.sanity.tests.ELTC_044_DiscussinForum"/>
</testsuite> <!-- com.training.sanity.tests.ELTC_044_DiscussinForum -->
