<?xml version="1.0" encoding="UTF-8"?>
<!-- Generated by org.testng.reporters.JUnitReportReporter -->
<testsuite hostname="DESKTOP-HBL1RJ8" name="com.training.sanity.tests.ELTC_045_SendChatMessage" tests="3" failures="0" timestamp="24 May 2020 12:52:05 GMT" time="40.731" errors="0">
  <testcase name="validLoginTest" time="5.906" classname="com.training.sanity.tests.ELTC_045_SendChatMessage"/>
  <testcase name="setUp" time="16.947" classname="com.training.sanity.tests.ELTC_045_SendChatMessage"/>
  <testcase name="sendChatMessageTest" time="17.878" classname="com.training.sanity.tests.ELTC_045_SendChatMessage"/>
</testsuite> <!-- com.training.sanity.tests.ELTC_045_SendChatMessage -->
