<?xml version="1.0" encoding="UTF-8"?>
<!-- Generated by org.testng.reporters.JUnitReportReporter -->
<testsuite hostname="DESKTOP-HBL1RJ8" name="com.training.sanity.tests.ELTC_074_InvalidRegistration" tests="4" failures="0" timestamp="24 May 2020 12:44:29 GMT" time="113.452" errors="0">
  <testcase name="testingexcelinput" time="29.400" classname="com.training.sanity.tests.ELTC_074_InvalidRegistration"/>
  <testcase name="testingexcelinput" time="25.910" classname="com.training.sanity.tests.ELTC_074_InvalidRegistration"/>
  <testcase name="testingexcelinput" time="28.707" classname="com.training.sanity.tests.ELTC_074_InvalidRegistration"/>
  <testcase name="testingexcelinput" time="29.435" classname="com.training.sanity.tests.ELTC_074_InvalidRegistration"/>
</testsuite> <!-- com.training.sanity.tests.ELTC_074_InvalidRegistration -->
